AUTOMATED UPDATE - SUCCESS
==========================
Time: Tue Feb  3 12:04:36 UTC 2026
GitHub Commit: 9b543c8
Jenkins Build: #16

Files updated:
total 64
drwxrwxrwx  3 azureuser azureuser 4096 Feb  3 12:04 .
drwxrwxrwt 19 root      root      4096 Feb  3 12:02 ..
drwxrwxrwx  8 azureuser azureuser 4096 Feb  3 12:02 .git
-rwxrwxrwx  1 azureuser azureuser    0 Feb  3 12:04 .gitignore
-rw-r--r--  1 jenkins   jenkins    147 Feb  3 12:04 JENKINS_UPDATE.log
-rwxr-xr-x  1 jenkins   jenkins   1112 Feb  3 12:04 README.md
-rw-r--r--  1 jenkins   jenkins     31 Feb  3 12:04 READY.txt
-rwxr-xr-x  1 jenkins   jenkins   8447 Feb  3 12:04 app.js
-rwxr-xr-x  1 jenkins   jenkins   1137 Feb  3 12:04 gitignore
-rwxr-xr-x  1 jenkins   jenkins   3276 Feb  3 12:04 index.html
-rwxr-xr-x  1 jenkins   jenkins     31 Feb  3 12:04 jsnljenr.txt
-rw-r--r--  1 jenkins   jenkins     56 Feb  3 12:04 local-test.txt
-rwxr-xr-x  1 jenkins   jenkins   6359 Feb  3 12:04 styles.css
-rwxr-xr-x  1 jenkins   jenkins     35 Feb  3 12:04 test-update.txt
